#-----------------------------------------------------------
# Vivado v2016.1 (64-bit)
# SW Build 1538259 on Fri Apr  8 15:45:27 MDT 2016
# IP Build 1537824 on Fri Apr  8 04:28:57 MDT 2016
# Start of session at: Sun Apr 16 01:55:24 2023
# Process ID: 3404
# Current directory: C:/Users/HANIO/Trafik
# Command line: vivado.exe -gui_launcher_event rodinguilauncherevent4880 C:\Users\HANIO\Trafik\Trafik.xpr
# Log file: C:/Users/HANIO/Trafik/vivado.log
# Journal file: C:/Users/HANIO/Trafik\vivado.jou
#-----------------------------------------------------------
start_gui
open_project C:/Users/HANIO/Trafik/Trafik.xpr
Scanning sources...
Finished scanning sources
INFO: [IP_Flow 19-234] Refreshing IP repositories
INFO: [IP_Flow 19-1704] No user IP repositories specified
INFO: [IP_Flow 19-2313] Loaded Vivado IP repository 'D:/Vivado/2016.1/data/ip'.
open_project: Time (s): cpu = 00:00:26 ; elapsed = 00:00:11 . Memory (MB): peak = 836.012 ; gain = 152.730
update_compile_order -fileset sources_1
exit
INFO: [Common 17-206] Exiting Vivado at Sun Apr 16 01:56:09 2023...
